{"/home/anuj/Documents/AltCampus/advance-javaScript/advanced-dom/TA-JS-advanced-dom-and-test-TJaaan/block-BJaajc/code/index.js": {"path":"/home/anuj/Documents/AltCampus/advance-javaScript/advanced-dom/TA-JS-advanced-dom-and-test-TJaaan/block-BJaajc/code/index.js","statementMap":{"0":{"start":{"line":2,"column":2},"end":{"line":2,"column":36}},"1":{"start":{"line":6,"column":13},"end":{"line":6,"column":46}},"2":{"start":{"line":7,"column":2},"end":{"line":11,"column":3}},"3":{"start":{"line":8,"column":4},"end":{"line":8,"column":16}},"4":{"start":{"line":10,"column":4},"end":{"line":10,"column":17}},"5":{"start":{"line":15,"column":2},"end":{"line":15,"column":56}},"6":{"start":{"line":19,"column":2},"end":{"line":19,"column":49}},"7":{"start":{"line":22,"column":0},"end":{"line":27,"column":2}}},"fnMap":{"0":{"name":"getFullName","decl":{"start":{"line":1,"column":9},"end":{"line":1,"column":20}},"loc":{"start":{"line":1,"column":42},"end":{"line":3,"column":1}},"line":1},"1":{"name":"palindrome","decl":{"start":{"line":5,"column":9},"end":{"line":5,"column":19}},"loc":{"start":{"line":5,"column":26},"end":{"line":12,"column":1}},"line":5},"2":{"name":"getCircumfrence","decl":{"start":{"line":14,"column":9},"end":{"line":14,"column":24}},"loc":{"start":{"line":14,"column":27},"end":{"line":16,"column":1}},"line":14},"3":{"name":"getArea","decl":{"start":{"line":18,"column":9},"end":{"line":18,"column":16}},"loc":{"start":{"line":18,"column":25},"end":{"line":20,"column":1}},"line":18}},"branchMap":{"0":{"loc":{"start":{"line":7,"column":2},"end":{"line":11,"column":3}},"type":"if","locations":[{"start":{"line":7,"column":2},"end":{"line":11,"column":3}},{"start":{"line":7,"column":2},"end":{"line":11,"column":3}}],"line":7}},"s":{"0":6,"1":6,"2":6,"3":3,"4":3,"5":1,"6":1,"7":1},"f":{"0":6,"1":6,"2":1,"3":1},"b":{"0":[3,3]},"_coverageSchema":"1a1c01bbd47fc00a2c39e90264f33305004495a9","hash":"784225a8fad35a2fb1f0f01d4d18cb32aeeb0e4f"}
}
